2014-07-31 16:11:43.340 QuestApp[35298:70b] Multi-tasking -> Device: YES, App: YES
2014-07-31 16:11:43.472 QuestApp[35298:70b] Unlimited access to network resources
2014-07-31 16:11:43.489 QuestApp[35298:70b] 

Started backup to iCloud! Please be careful.
Your application might rejected by Apple if you store too much data.
For more information please read "iOS Data Storage Guidelines"
You could find it at the following address https://developer.apple.com/icloud/documentation/data-storage/ .

2014-07-31 16:11:44.249 QuestApp[35298:70b] Resetting plugins due to page load.
2014-07-31 16:11:44.391 QuestApp[35298:70b] Finished load of: file:///Users/jeffrey/Library/Application%20Support/iPhone%20Simulator/7.1/Applications/81337571-2487-4108-9146-F6346843839E/QuestApp.app/www/index.html
2014-07-31 16:13:08.736 QuestApp[35298:70b] Resetting plugins due to page load.
2014-07-31 16:13:09.410 QuestApp[35298:70b] Finished load of: file:///Users/jeffrey/Library/Application%20Support/iPhone%20Simulator/7.1/Applications/81337571-2487-4108-9146-F6346843839E/QuestApp.app/www/quest.html?srv=http://10.0.12.65:8000&questId=1
2014-07-31 21:54:33.705 QuestApp[43847:70b] Multi-tasking -> Device: YES, App: YES
2014-07-31 21:54:33.753 QuestApp[43847:70b] Unlimited access to network resources
2014-07-31 21:54:33.762 QuestApp[43847:70b] 

Started backup to iCloud! Please be careful.
Your application might rejected by Apple if you store too much data.
For more information please read "iOS Data Storage Guidelines"
You could find it at the following address https://developer.apple.com/icloud/documentation/data-storage/ .

2014-07-31 21:54:34.364 QuestApp[43847:70b] Resetting plugins due to page load.
2014-07-31 21:54:34.573 QuestApp[43847:70b] Finished load of: file:///Users/jeffrey/Library/Application%20Support/iPhone%20Simulator/7.1/Applications/81337571-2487-4108-9146-F6346843839E/QuestApp.app/www/index.html
